# JRE version: OpenJDK Runtime Environment (21.0.2+13) (build 21.0.2+13-58)
# Java VM: OpenJDK 64-Bit Server VM (21.0.2+13-58, mixed mode, sharing, tiered, compressed oops, compressed class ptrs, g1 gc, windows-amd64)
GC Precious Log:
 CardTable entry size: 512
 Card Set container configuration: InlinePtr #cards 5 size 8 Array Of Cards #cards 12 size 40 Howl #buckets 4 coarsen threshold 1843 Howl Bitmap #cards 512 size 80 coarsen threshold 460 Card regions per heap region 1 cards per card region 2048
 CPUs: 4 total, 4 available
 Memory: 3974M
 Large Page Support: Disabled
 NUMA Support: Disabled
 Compressed Oops: Enabled (32-bit)
 Heap Region Size: 1M
 Heap Min Capacity: 8M
 Heap Initial Capacity: 64M
 Heap Max Capacity: 994M
 Pre-touch: Disabled
 Parallel Workers: 4
 Concurrent Workers: 1
 Concurrent Refinement Workers: 4
 Periodic GC: Disabled
Heap:
 garbage-first heap   total 58368K, used 46525K [0x00000000c1e00000, 0x0000000100000000)
  region size 1024K, 18 young (18432K), 1 survivors (1024K)
 Metaspace       used 77903K, committed 78528K, reserved 1179648K
  class space    used 10084K, committed 10432K, reserved 1048576K
GC Heap History (20 events):
Event: 399.494 GC heap before
{Heap before GC invocations=20 (full 0):
 garbage-first heap   total 51200K, used 43101K [0x00000000c1e00000, 0x0000000100000000)
  region size 1024K, 16 young (16384K), 3 survivors (3072K)
 Metaspace       used 74448K, committed 75136K, reserved 1179648K
  class space    used 10139K, committed 10432K, reserved 1048576K
}
Event: 399.686 GC heap after
{Heap after GC invocations=21 (full 0):
 garbage-first heap   total 51200K, used 31213K [0x00000000c1e00000, 0x0000000100000000)
  region size 1024K, 1 young (1024K), 1 survivors (1024K)
 Metaspace       used 74448K, committed 75136K, reserved 1179648K
  class space    used 10139K, committed 10432K, reserved 1048576K
}
Event: 1293.109 GC heap before
{Heap before GC invocations=21 (full 0):
 garbage-first heap   total 51200K, used 45549K [0x00000000c1e00000, 0x0000000100000000)
  region size 1024K, 16 young (16384K), 1 survivors (1024K)
 Metaspace       used 74768K, committed 75392K, reserved 1179648K
  class space    used 10141K, committed 10432K, reserved 1048576K
}
Event: 1293.259 GC heap after
{Heap after GC invocations=22 (full 0):
 garbage-first heap   total 51200K, used 31327K [0x00000000c1e00000, 0x0000000100000000)
  region size 1024K, 1 young (1024K), 1 survivors (1024K)
 Metaspace       used 74768K, committed 75392K, reserved 1179648K
  class space    used 10141K, committed 10432K, reserved 1048576K
}
Event: 1470.781 GC heap before
{Heap before GC invocations=23 (full 0):
 garbage-first heap   total 55296K, used 45663K [0x00000000c1e00000, 0x0000000100000000)
  region size 1024K, 15 young (15360K), 1 survivors (1024K)
 Metaspace       used 75374K, committed 75968K, reserved 1179648K
  class space    used 10077K, committed 10432K, reserved 1048576K
}
Event: 1470.858 GC heap after
{Heap after GC invocations=24 (full 0):
 garbage-first heap   total 55296K, used 31377K [0x00000000c1e00000, 0x0000000100000000)
  region size 1024K, 1 young (1024K), 1 survivors (1024K)
 Metaspace       used 75374K, committed 75968K, reserved 1179648K
  class space    used 10077K, committed 10432K, reserved 1048576K
}
Event: 1482.534 GC heap before
{Heap before GC invocations=24 (full 0):
 garbage-first heap   total 55296K, used 49809K [0x00000000c1e00000, 0x0000000100000000)
  region size 1024K, 19 young (19456K), 1 survivors (1024K)
 Metaspace       used 76100K, committed 76736K, reserved 1179648K
  class space    used 10077K, committed 10432K, reserved 1048576K
}
Event: 1482.632 GC heap after
{Heap after GC invocations=25 (full 0):
 garbage-first heap   total 55296K, used 29559K [0x00000000c1e00000, 0x0000000100000000)
  region size 1024K, 1 young (1024K), 1 survivors (1024K)
 Metaspace       used 76100K, committed 76736K, reserved 1179648K
  class space    used 10077K, committed 10432K, reserved 1048576K
}
Event: 2555.562 GC heap before
{Heap before GC invocations=25 (full 0):
 garbage-first heap   total 55296K, used 50039K [0x00000000c1e00000, 0x0000000100000000)
  region size 1024K, 21 young (21504K), 1 survivors (1024K)
 Metaspace       used 76321K, committed 76928K, reserved 1179648K
  class space    used 10082K, committed 10432K, reserved 1048576K
}
Event: 2556.227 GC heap after
{Heap after GC invocations=26 (full 0):
 garbage-first heap   total 55296K, used 30209K [0x00000000c1e00000, 0x0000000100000000)
  region size 1024K, 2 young (2048K), 2 survivors (2048K)
 Metaspace       used 76321K, committed 76928K, reserved 1179648K
  class space    used 10082K, committed 10432K, reserved 1048576K
}
Event: 2638.412 GC heap before
{Heap before GC invocations=27 (full 0):
 garbage-first heap   total 55296K, used 31233K [0x00000000c1e00000, 0x0000000100000000)
  region size 1024K, 3 young (3072K), 2 survivors (2048K)
 Metaspace       used 76337K, committed 76928K, reserved 1179648K
  class space    used 10082K, committed 10432K, reserved 1048576K
}
Event: 2638.437 GC heap after
{Heap after GC invocations=28 (full 0):
 garbage-first heap   total 55296K, used 30431K [0x00000000c1e00000, 0x0000000100000000)
  region size 1024K, 1 young (1024K), 1 survivors (1024K)
 Metaspace       used 76337K, committed 76928K, reserved 1179648K
  class space    used 10082K, committed 10432K, reserved 1048576K
}
Event: 2776.653 GC heap before
{Heap before GC invocations=28 (full 0):
 garbage-first heap   total 55296K, used 48863K [0x00000000c1e00000, 0x0000000100000000)
  region size 1024K, 19 young (19456K), 1 survivors (1024K)
 Metaspace       used 76713K, committed 77312K, reserved 1179648K
  class space    used 10084K, committed 10432K, reserved 1048576K
}
Event: 2776.794 GC heap after
{Heap after GC invocations=29 (full 0):
 garbage-first heap   total 55296K, used 30449K [0x00000000c1e00000, 0x0000000100000000)
  region size 1024K, 1 young (1024K), 1 survivors (1024K)
 Metaspace       used 76713K, committed 77312K, reserved 1179648K
  class space    used 10084K, committed 10432K, reserved 1048576K
}
Event: 2780.927 GC heap before
{Heap before GC invocations=29 (full 0):
 garbage-first heap   total 55296K, used 49905K [0x00000000c1e00000, 0x0000000100000000)
  region size 1024K, 20 young (20480K), 1 survivors (1024K)
 Metaspace       used 77651K, committed 78272K, reserved 1179648K
  class space    used 10085K, committed 10432K, reserved 1048576K
}
Event: 2780.949 GC heap after
{Heap after GC invocations=30 (full 0):
 garbage-first heap   total 55296K, used 30500K [0x00000000c1e00000, 0x0000000100000000)
  region size 1024K, 1 young (1024K), 1 survivors (1024K)
 Metaspace       used 77651K, committed 78272K, reserved 1179648K
  class space    used 10085K, committed 10432K, reserved 1048576K
}
Event: 2784.290 GC heap before
{Heap before GC invocations=31 (full 0):
 garbage-first heap   total 58368K, used 49956K [0x00000000c1e00000, 0x0000000100000000)
  region size 1024K, 20 young (20480K), 1 survivors (1024K)
 Metaspace       used 77826K, committed 78464K, reserved 1179648K
  class space    used 10084K, committed 10432K, reserved 1048576K
}
Event: 2784.294 GC heap after
{Heap after GC invocations=32 (full 0):
 garbage-first heap   total 58368K, used 30460K [0x00000000c1e00000, 0x0000000100000000)
  region size 1024K, 1 young (1024K), 1 survivors (1024K)
 Metaspace       used 77826K, committed 78464K, reserved 1179648K
  class space    used 10084K, committed 10432K, reserved 1048576K
}
Event: 2790.923 GC heap before
{Heap before GC invocations=32 (full 0):
 garbage-first heap   total 58368K, used 52988K [0x00000000c1e00000, 0x0000000100000000)
  region size 1024K, 23 young (23552K), 1 survivors (1024K)
 Metaspace       used 77892K, committed 78528K, reserved 1179648K
  class space    used 10084K, committed 10432K, reserved 1048576K
}
Event: 2790.961 GC heap after
{Heap after GC invocations=33 (full 0):
 garbage-first heap   total 58368K, used 30141K [0x00000000c1e00000, 0x0000000100000000)
  region size 1024K, 1 young (1024K), 1 survivors (1024K)
 Metaspace       used 77892K, committed 78528K, reserved 1179648K
  class space    used 10084K, committed 10432K, reserved 1048576K
}

